Arguments: 
  /Users/gregholguin/.nvm/versions/node/v8.4.0/bin/node /usr/local/Cellar/yarn/1.0.2/libexec/bin/yarn.js add webpack-merge

PATH: 
  /Users/gregholguin/.rvm/gems/ruby-2.1.0/bin:/Users/gregholguin/.rvm/gems/ruby-2.1.0@global/bin:/Users/gregholguin/.rvm/rubies/ruby-2.1.0/bin:/usr/local/sbin:/Users/gregholguin/.nvm/versions/node/v8.4.0/bin:/usr/local/bin:/usr/bin:/bin:/usr/sbin:/sbin:/usr/local/share/npm:/Users/gregholguin/.qfc/bin:/Users/gregholguin/.npm-packages/bin:/usr/local/share/npm/bin:/usr/local/bin:/usr/bin:/bin:/usr/sbin:/sbin:/opt/X11/bin:/Applications/Wireshark.app/Contents/MacOS:/Users/gregholguin/.rvm/gems/ruby-2.1.0/bin:/Users/gregholguin/.rvm/gems/ruby-2.1.0@global/bin:/Users/gregholguin/.rvm/rubies/ruby-2.1.0/bin:/usr/local/sbin:/usr/local/share/npm:/Users/gregholguin/.qfc/bin:/Users/gregholguin/.npm-packages/bin:/usr/local/share/npm/bin:/Users/gregholguin/.rvm/bin:/Users/gregholguin/.yarn/bin:/usr/local/opt/go/libexec/bin:/Users/gregholguin/.rvm/bin:/Users/gregholguin/.yarn/bin:/usr/local/opt/go/libexec/bin:/Users/gregholguin/.rvm/bin

Yarn version: 
  1.0.2

Node version: 
  8.4.0

Platform: 
  darwin x64

npm manifest: 
  {
    "name": "electron-webpack",
    "version": "1.6.0",
    "license": "MIT",
    "author": "Vladimir Krivosheev <develar@gmail.com>",
    "main": "out/main.js",
    "files": [
      "out",
      "*.js",
      "scheme.json",
      "electron-builder.yml",
      "tsconfig-base.json",
      "vendor"
    ],
    "bin": {
      "electron-webpack": "./out/cli.js"
    },
    "repository": "electron-userland/electron-webpack",
    "//": "@types/webpack-env in the dependencies because used by clients",
    "dependencies": {
      "@types/webpack-env": "^1.13.1",
      "ajv": "^5.2.2",
      "ajv-keywords": "^2.1.0",
      "async-exit-hook": "^2.0.1",
      "babel-minify-webpack-plugin": "^0.2.0",
      "bluebird-lst": "^1.0.3",
      "chalk": "^2.1.0",
      "crocket": "^0.9.11",
      "css-hot-loader": "^1.3.1",
      "css-loader": "^0.28.7",
      "debug": "^3.0.1",
      "electron-devtools-installer": "^2.2.0",
      "electron-webpack-js": "^1.0.4",
      "extract-text-webpack-plugin": "^3.0.0",
      "file-loader": "^0.11.2",
      "fs-extra-p": "^4.4.2",
      "html-loader": "^0.5.1",
      "html-webpack-plugin": "^2.30.1",
      "lazy-val": "^1.0.2",
      "node-loader": "^0.6.0",
      "read-config-file": "^1.1.1",
      "semver": "^5.4.1",
      "source-map-support": "^0.4.18",
      "style-loader": "^0.18.2",
      "url-loader": "^0.5.9",
      "virtual-module-webpack-plugin": "^0.3.0",
      "webpack-dev-server": "^2.8.2",
      "yargs": "^9.0.1"
    },
    "peerDependencies": {
      "webpack": "^3.5.3"
    },
    "types": "./out/main.d.ts",
    "publishConfig": {
       "tag": "next"
     }
  }

yarn manifest: 
  No manifest

Lockfile: 
  No lockfile

Trace: 
  Error: ENOENT: no such file or directory, open '/Users/gregholguin/Documents/Projects/Personal/electron-webpack/electron-webpack/packages/electron-webpack/.yarnclean'
